# JRE version: Java(TM) SE Runtime Environment (8.0_73-b02) (build 1.8.0_73-b02)
# Java VM: Java HotSpot(TM) Client VM (25.73-b02 mixed mode, sharing windows-x86 )
Heap:
 def new generation   total 8512K, used 2562K [0x03800000, 0x04130000, 0x08d50000)
  eden space 7616K,  32% used [0x03800000, 0x03a62988, 0x03f70000)
  from space 896K,  13% used [0x04050000, 0x0406df88, 0x04130000)
  to   space 896K,   0% used [0x03f70000, 0x03f70000, 0x04050000)
 tenured generation   total 18668K, used 13811K [0x08d50000, 0x09f8b000, 0x13800000)
   the space 18668K,  73% used [0x08d50000, 0x09accdb8, 0x09acce00, 0x09f8b000)
 Metaspace       used 1217K, capacity 2808K, committed 2880K, reserved 4480K
GC Heap History (10 events):
Event: 69.728 GC heap before
{Heap before GC invocations=542 (full 1):
 def new generation   total 8512K, used 7736K [0x03800000, 0x04130000, 0x08d50000)
  eden space 7616K, 100% used [0x03800000, 0x03f70000, 0x03f70000)
  from space 896K,  13% used [0x03f70000, 0x03f8e238, 0x04050000)
  to   space 896K,   0% used [0x04050000, 0x04050000, 0x04130000)
 tenured generation   total 18668K, used 13811K [0x08d50000, 0x09f8b000, 0x13800000)
   the space 18668K,  73% used [0x08d50000, 0x09accd98, 0x09acce00, 0x09f8b000)
 Metaspace       used 1216K, capacity 2808K, committed 2880K, reserved 4480K
Event: 69.728 GC heap after
Heap after GC invocations=543 (full 1):
 def new generation   total 8512K, used 126K [0x03800000, 0x04130000, 0x08d50000)
  eden space 7616K,   0% used [0x03800000, 0x03800000, 0x03f70000)
  from space 896K,  14% used [0x04050000, 0x0406f848, 0x04130000)
  to   space 896K,   0% used [0x03f70000, 0x03f70000, 0x04050000)
 tenured generation   total 18668K, used 13811K [0x08d50000, 0x09f8b000, 0x13800000)
   the space 18668K,  73% used [0x08d50000, 0x09accd98, 0x09acce00, 0x09f8b000)
 Metaspace       used 1216K, capacity 2808K, committed 2880K, reserved 4480K
}
Event: 69.882 GC heap before
{Heap before GC invocations=543 (full 1):
 def new generation   total 8512K, used 7742K [0x03800000, 0x04130000, 0x08d50000)
  eden space 7616K, 100% used [0x03800000, 0x03f70000, 0x03f70000)
  from space 896K,  14% used [0x04050000, 0x0406f848, 0x04130000)
  to   space 896K,   0% used [0x03f70000, 0x03f70000, 0x04050000)
 tenured generation   total 18668K, used 13811K [0x08d50000, 0x09f8b000, 0x13800000)
   the space 18668K,  73% used [0x08d50000, 0x09accd98, 0x09acce00, 0x09f8b000)
 Metaspace       used 1216K, capacity 2808K, committed 2880K, reserved 4480K
Event: 69.883 GC heap after
Heap after GC invocations=544 (full 1):
 def new generation   total 8512K, used 133K [0x03800000, 0x04130000, 0x08d50000)
  eden space 7616K,   0% used [0x03800000, 0x03800000, 0x03f70000)
  from space 896K,  14% used [0x03f70000, 0x03f91468, 0x04050000)
  to   space 896K,   0% used [0x04050000, 0x04050000, 0x04130000)
 tenured generation   total 18668K, used 13811K [0x08d50000, 0x09f8b000, 0x13800000)
   the space 18668K,  73% used [0x08d50000, 0x09accd98, 0x09acce00, 0x09f8b000)
 Metaspace       used 1216K, capacity 2808K, committed 2880K, reserved 4480K
}
Event: 69.990 GC heap before
{Heap before GC invocations=544 (full 1):
 def new generation   total 8512K, used 7749K [0x03800000, 0x04130000, 0x08d50000)
  eden space 7616K, 100% used [0x03800000, 0x03f70000, 0x03f70000)
  from space 896K,  14% used [0x03f70000, 0x03f91468, 0x04050000)
  to   space 896K,   0% used [0x04050000, 0x04050000, 0x04130000)
 tenured generation   total 18668K, used 13811K [0x08d50000, 0x09f8b000, 0x13800000)
   the space 18668K,  73% used [0x08d50000, 0x09accd98, 0x09acce00, 0x09f8b000)
 Metaspace       used 1216K, capacity 2808K, committed 2880K, reserved 4480K
Event: 69.991 GC heap after
Heap after GC invocations=545 (full 1):
 def new generation   total 8512K, used 105K [0x03800000, 0x04130000, 0x08d50000)
  eden space 7616K,   0% used [0x03800000, 0x03800000, 0x03f70000)
  from space 896K,  11% used [0x04050000, 0x0406a660, 0x04130000)
  to   space 896K,   0% used [0x03f70000, 0x03f70000, 0x04050000)
 tenured generation   total 18668K, used 13811K [0x08d50000, 0x09f8b000, 0x13800000)
   the space 18668K,  73% used [0x08d50000, 0x09accd98, 0x09acce00, 0x09f8b000)
 Metaspace       used 1216K, capacity 2808K, committed 2880K, reserved 4480K
}
Event: 70.162 GC heap before
{Heap before GC invocations=545 (full 1):
 def new generation   total 8512K, used 7721K [0x03800000, 0x04130000, 0x08d50000)
  eden space 7616K, 100% used [0x03800000, 0x03f70000, 0x03f70000)
  from space 896K,  11% used [0x04050000, 0x0406a660, 0x04130000)
  to   space 896K,   0% used [0x03f70000, 0x03f70000, 0x04050000)
 tenured generation   total 18668K, used 13811K [0x08d50000, 0x09f8b000, 0x13800000)
   the space 18668K,  73% used [0x08d50000, 0x09accd98, 0x09acce00, 0x09f8b000)
 Metaspace       used 1217K, capacity 2808K, committed 2880K, reserved 4480K
Event: 70.164 GC heap after
Heap after GC invocations=546 (full 1):
 def new generation   total 8512K, used 131K [0x03800000, 0x04130000, 0x08d50000)
  eden space 7616K,   0% used [0x03800000, 0x03800000, 0x03f70000)
  from space 896K,  14% used [0x03f70000, 0x03f90c50, 0x04050000)
  to   space 896K,   0% used [0x04050000, 0x04050000, 0x04130000)
 tenured generation   total 18668K, used 13811K [0x08d50000, 0x09f8b000, 0x13800000)
   the space 18668K,  73% used [0x08d50000, 0x09accd98, 0x09acce00, 0x09f8b000)
 Metaspace       used 1217K, capacity 2808K, committed 2880K, reserved 4480K
}
Event: 70.308 GC heap before
{Heap before GC invocations=546 (full 1):
 def new generation   total 8512K, used 7747K [0x03800000, 0x04130000, 0x08d50000)
  eden space 7616K, 100% used [0x03800000, 0x03f70000, 0x03f70000)
  from space 896K,  14% used [0x03f70000, 0x03f90c50, 0x04050000)
  to   space 896K,   0% used [0x04050000, 0x04050000, 0x04130000)
 tenured generation   total 18668K, used 13811K [0x08d50000, 0x09f8b000, 0x13800000)
   the space 18668K,  73% used [0x08d50000, 0x09accd98, 0x09acce00, 0x09f8b000)
 Metaspace       used 1217K, capacity 2808K, committed 2880K, reserved 4480K
Event: 70.309 GC heap after
Heap after GC invocations=547 (full 1):
 def new generation   total 8512K, used 119K [0x03800000, 0x04130000, 0x08d50000)
  eden space 7616K,   0% used [0x03800000, 0x03800000, 0x03f70000)
  from space 896K,  13% used [0x04050000, 0x0406df88, 0x04130000)
  to   space 896K,   0% used [0x03f70000, 0x03f70000, 0x04050000)
 tenured generation   total 18668K, used 13811K [0x08d50000, 0x09f8b000, 0x13800000)
   the space 18668K,  73% used [0x08d50000, 0x09accdb8, 0x09acce00, 0x09f8b000)
 Metaspace       used 1217K, capacity 2808K, committed 2880K, reserved 4480K
}

